Matrices

*****************************************
Total cols 14 Total rows 14

col_start 0 col_end 12
row_start 0 row_end 12
  0   0   0   0   0   0   0   0   0   0   0   0   0   0 
  0   0   0   0   0   0   0   0   0   0   0   0   0   0 
  0   0   0   0   0   0   0   0   0   0   0   0   0   0 
  0   0   0   0   0   0   0   0   0   0   0   0   0   0 
  0   0   0   0   0   0   0   0   0   0   0   0   0   0 
  0   0   0   0   0   0   0   0   0   0   0   0   0   0 
  0   0   0   0   0   0   0   0   0   0   0   0   0   0 
  0   0   0   0   0   0   0   0   0   0   0   0   0   0 
  0   0   0   0   0   0   0   0   0   0   0   0   0   0 
  0   0   0   0   0   0   0   0   0   0   0   0   0   0 
  0   0   0   0   0   0   0   0   0   0   0   0   0   0 
  0   0   0   0   0   0   0   0   0   0   0   0   0   0 
  0   0   0   0   0   0   0   0   0   0   0   0   0   0 
  0   0   0   0   0   0   0   0   0   0   0   0   0   0 


*****************************************
Total cols 14 Total rows 14

col_start 0 col_end 12
row_start 0 row_end 12
  0   0   0   0   0   0   0   0   0   0   0   0   0   0 
  0   0   0   0   0   0   0   0   0   0   0   0   0   0 
  0   0   0   0   0   0   0   0   0   0   0   0   0   0 
  0   0   0   0   0   0   0   0   0   0   0   0   0   0 
  0   0   0   0   0   0   0   0   0   0   0   0   0   0 
  0   0   0   0   0   0   0   0   0   0   0   0   0   0 
  0   0   0   0   0   0   0   0   0   0   0   0   0   0 
  0   0   0   0   0   0   0   0   0   0   0   0   0   0 
  0   0   0   0   0   0   0   0   0   0   0   0   0   0 
  0   0   0   0   0   0   0   0   0   0   0   0   0   0 
  0   0   0   0   0   0   0   0   0   0   0   0   0   0 
  0   0   0   0   0   0   0   0   0   0   0   0   0   0 
  0   0   0   0   0   0   0   0   0   0   0   0   0   0 
  0   0   0   0   0   0   0   0   0   0   0   0   0   0 


*****************************************
Total cols 14 Total rows 14

col_start 0 col_end 12
row_start 0 row_end 12
  0   0   0   0   0   0   0   0   0   0   0   0   0   0 
  0   0   0   0   0   0   0   0   0   0   0   0   0   0 
  0   0   0   0   0   0   0   0   0   0   0   0   0   0 
  0   0   0   0   0   0   0   0   0   0   0   0   0   0 
  0   0   0   0   0   0   0   0   0   0   0   0   0   0 
  0   0   0   0   0   0   0   0   0   0   0   0   0   0 
  0   0   0   0   0   0   0   0   0   0   0   0   0   0 
  0   0   0   0   0   0   0   0   0   0   0   0   0   0 
  0   0   0   0   0   0   0   0   0   0   0   0   0   0 
  0   0   0   0   0   0   0   0   0   0   0   0   0   0 
  0   0   0   0   0   0   0   0   0   0   0   0   0   0 
  0   0   0   0   0   0   0   0   0   0   0   0   0   0 
  0   0   0   0   0   0   0   0   0   0   0   0   0   0 
  0   0   0   0   0   0   0   0   0   0   0   0   0   0 

*****************************************
Matrix to send and receive columns

*****************************************
Total cols 14 Total rows 14

col_start 0 col_end 12
row_start 0 row_end 12
  0   0   0   0   0   0   0   0   0   0   0   0   0   0 
  0   0   0   0   0   0   0   0   0   0   0   0   0   0 
  0   0   0   0   0   0   0   0   0   0   0   0   0   0 
  0   0   0   0   0   0   0   0   0   0   0   0   0   0 
  0   0   0   0   0   0   0   0   0   0   0   0   0   0 
  0   0   0   0   0   0   0   0   0   0   0   0   0   0 
  0   0   0   0   0   0   0   0   0   0   0   0   0   0 
  0   0   0   0   0   0   0   0   0   0   0   0   0   0 
  0   0   0   0   0   0   0   0   0   0   0   0   0   0 
  0   0   0   0   0   0   0   0   0   0   0   0   0   0 
  0   0   0   0   0   0   0   0   0   0   0   0   0   0 
  0   0   0   0   0   0   0   0   0   0   0   0   0   0 
  0   0   0   0   0   0   0   0   0   0   0   0   0   0 
  0   0   0   0   0   0   0   0   0   0   0   0   0   0 

Vector type:
count 12
blocklength 2
stride 14
Rows 14 Cols 14 in matrix
Rank 0 sending columns starting at ELEM(new_mat,0,10)=0.000000 sending to 1
Note if row is not 0 it just means that there are ghost rows. When sending the columns we are excluding the ghost rows thus there may be an offset which would explain why rows may not be 0
Rank 0 receiving value at ELEM(new_mat,0,12)=0.000000 from 1
Matrix after sending and receiving columns

*****************************************
Total cols 14 Total rows 14

col_start 0 col_end 12
row_start 0 row_end 12
  0   0   0   0   0   0   0   0   0   0   0   0   1   1 
  0   0   0   0   0   0   0   0   0   0   0   0   1   1 
  0   0   0   0   0   0   0   0   0   0   0   0   1   1 
  0   0   0   0   0   0   0   0   0   0   0   0   1   1 
  0   0   0   0   0   0   0   0   0   0   0   0   1   1 
  0   0   0   0   0   0   0   0   0   0   0   0   1   1 
  0   0   0   0   0   0   0   0   0   0   0   0   1   1 
  0   0   0   0   0   0   0   0   0   0   0   0   1   1 
  0   0   0   0   0   0   0   0   0   0   0   0   1   1 
  0   0   0   0   0   0   0   0   0   0   0   0   1   1 
  0   0   0   0   0   0   0   0   0   0   0   0   1   1 
  0   0   0   0   0   0   0   0   0   0   0   0   1   1 
  0   0   0   0   0   0   0   0   0   0   0   0   0   0 
  0   0   0   0   0   0   0   0   0   0   0   0   0   0 


*****************************************
Total cols 14 Total rows 14

col_start 0 col_end 12
row_start 0 row_end 12
  0   0   0   0   0   0   0   0   0   0   0   0   1   1 
  0   0   0   0   0   0   0   0   0   0   0   0   1   1 
  0   0   0   0   0   0   0   0   0   0   0   0   1   1 
  0   0   0   0   0   0   0   0   0   0   0   0   1   1 
  0   0   0   0   0   0   0   0   0   0   0   0   1   1 
  0   0   0   0   0   0   0   0   0   0   0   0   1   1 
  0   0   0   0   0   0   0   0   0   0   0   0   1   1 
  0   0   0   0   0   0   0   0   0   0   0   0   1   1 
  0   0   0   0   0   0   0   0   0   0   0   0   1   1 
  0   0   0   0   0   0   0   0   0   0   0   0   1   1 
  0   0   0   0   0   0   0   0   0   0   0   0   1   1 
  0   0   0   0   0   0   0   0   0   0   0   0   1   1 
  0   0   0   0   0   0   0   0   0   0   0   0   0   0 
  0   0   0   0   0   0   0   0   0   0   0   0   0   0 

Matrix to send and receive rows

*****************************************
Total cols 14 Total rows 14

col_start 0 col_end 12
row_start 0 row_end 12
  0   0   0   0   0   0   0   0   0   0   0   0   1   1 
  0   0   0   0   0   0   0   0   0   0   0   0   1   1 
  0   0   0   0   0   0   0   0   0   0   0   0   1   1 
  0   0   0   0   0   0   0   0   0   0   0   0   1   1 
  0   0   0   0   0   0   0   0   0   0   0   0   1   1 
  0   0   0   0   0   0   0   0   0   0   0   0   1   1 
  0   0   0   0   0   0   0   0   0   0   0   0   1   1 
  0   0   0   0   0   0   0   0   0   0   0   0   1   1 
  0   0   0   0   0   0   0   0   0   0   0   0   1   1 
  0   0   0   0   0   0   0   0   0   0   0   0   1   1 
  0   0   0   0   0   0   0   0   0   0   0   0   1   1 
  0   0   0   0   0   0   0   0   0   0   0   0   1   1 
  0   0   0   0   0   0   0   0   0   0   0   0   0   0 
  0   0   0   0   0   0   0   0   0   0   0   0   0   0 

Rank 0 sending value at ELEM(new_mat,10,0)=0.000000 to 2
Sending total of 14 columns
Rank 0 receiving value at ELEM(new_mat,12,0)=0.000000 from 2
Sending total of 14 columns
Matrix after sending and receiving rows

*****************************************
Total cols 14 Total rows 14

col_start 0 col_end 12
row_start 0 row_end 12
  0   0   0   0   0   0   0   0   0   0   0   0   1   1 
  0   0   0   0   0   0   0   0   0   0   0   0   1   1 
  0   0   0   0   0   0   0   0   0   0   0   0   1   1 
  0   0   0   0   0   0   0   0   0   0   0   0   1   1 
  0   0   0   0   0   0   0   0   0   0   0   0   1   1 
  0   0   0   0   0   0   0   0   0   0   0   0   1   1 
  0   0   0   0   0   0   0   0   0   0   0   0   1   1 
  0   0   0   0   0   0   0   0   0   0   0   0   1   1 
  0   0   0   0   0   0   0   0   0   0   0   0   1   1 
  0   0   0   0   0   0   0   0   0   0   0   0   1   1 
  0   0   0   0   0   0   0   0   0   0   0   0   1   1 
  0   0   0   0   0   0   0   0   0   0   0   0   1   1 
  2   2   2   2   2   2   2   2   2   2   2   2   3   3 
  2   2   2   2   2   2   2   2   2   2   2   2   3   3 


*****************************************
Total cols 14 Total rows 14

col_start 0 col_end 12
row_start 0 row_end 12
  0   0   0   0   0   0   0   0   0   0   0   0   1   1 
  0   0   0   0   0   0   0   0   0   0   0   0   1   1 
  0   0   0   0   0   0   0   0   0   0   0   0   1   1 
  0   0   0   0   0   0   0   0   0   0   0   0   1   1 
  0   0   0   0   0   0   0   0   0   0   0   0   1   1 
  0   0   0   0   0   0   0   0   0   0   0   0   1   1 
  0   0   0   0   0   0   0   0   0   0   0   0   1   1 
  0   0   0   0   0   0   0   0   0   0   0   0   1   1 
  0   0   0   0   0   0   0   0   0   0   0   0   1   1 
  0   0   0   0   0   0   0   0   0   0   0   0   1   1 
  0   0   0   0   0   0   0   0   0   0   0   0   1   1 
  0   0   0   0   0   0   0   0   0   0   0   0   1   1 
  2   2   2   2   2   2   2   2   2   2   2   2   3   3 
  2   2   2   2   2   2   2   2   2   2   2   2   3   3 

Matrices

*****************************************
Total cols 14 Total rows 14

col_start 0 col_end 12
row_start 0 row_end 12
  0   0   0   0   0   0   0   0   0   0   0   0   1   1 
  0   0   0   0   0   0   0   0   0   0   0   0   1   1 
  0   0   0   0   0   0   0   0   0   0   0   0   1   1 
  0   0   0   0   0   0   0   0   0   0   0   0   1   1 
  0   0   0   0   0   0   0   0   0   0   0   0   1   1 
  0   0   0   0   0   0   0   0   0   0   0   0   1   1 
  0   0   0   0   0   0   0   0   0   0   0   0   1   1 
  0   0   0   0   0   0   0   0   0   0   0   0   1   1 
  0   0   0   0   0   0   0   0   0   0   0   0   1   1 
  0   0   0   0   0   0   0   0   0   0   0   0   1   1 
  0   0   0   0   0   0   0   0   0   0   0   0   1   1 
  0   0   0   0   0   0   0   0   0   0   0   0   1   1 
  2   2   2   2   2   2   2   2   2   2   2   2   3   3 
  2   2   2   2   2   2   2   2   2   2   2   2   3   3 


*****************************************
Total cols 14 Total rows 14

col_start 0 col_end 12
row_start 0 row_end 12
  0   0   0   0   0   0   0   0   0   0   0   0   0   0 
  0   0   0   0   0   0   0   0   0   0   0   0   0   0 
  0   0   0   0   0   0   0   0   0   0   0   0   0   0 
  0   0   0   0   0   0   0   0   0   0   0   0   0   0 
  0   0   0   0   0   0   0   0   0   0   0   0   0   0 
  0   0   0   0   0   0   0   0   0   0   0   0   0   0 
  0   0   0   0   0   0   0   0   0   0   0   0   0   0 
  0   0   0   0   0   0   0   0   0   0   0   0   0   0 
  0   0   0   0   0   0   0   0   0   0   0   0   0   0 
  0   0   0   0   0   0   0   0   0   0   0   0   0   0 
  0   0   0   0   0   0   0   0   0   0   0   0   0   0 
  0   0   0   0   0   0   0   0   0   0   0   0   0   0 
  0   0   0   0   0   0   0   0   0   0   0   0   0   0 
  0   0   0   0   0   0   0   0   0   0   0   0   0   0 


*****************************************
Total cols 14 Total rows 14

col_start 0 col_end 12
row_start 0 row_end 12
  0   0   0   0   0   0   0   0   0   0   0   0   0   0 
  0   0   0   0   0   0   0   0   0   0   0   0   0   0 
  0   0   0   0   0   0   0   0   0   0   0   0   0   0 
  0   0   0   0   0   0   0   0   0   0   0   0   0   0 
  0   0   0   0   0   0   0   0   0   0   0   0   0   0 
  0   0   0   0   0   0   0   0   0   0   0   0   0   0 
  0   0   0   0   0   0   0   0   0   0   0   0   0   0 
  0   0   0   0   0   0   0   0   0   0   0   0   0   0 
  0   0   0   0   0   0   0   0   0   0   0   0   0   0 
  0   0   0   0   0   0   0   0   0   0   0   0   0   0 
  0   0   0   0   0   0   0   0   0   0   0   0   0   0 
  0   0   0   0   0   0   0   0   0   0   0   0   0   0 
  0   0   0   0   0   0   0   0   0   0   0   0   0   0 
  0   0   0   0   0   0   0   0   0   0   0   0   0   0 

*****************************************
Updating Border ghost 0
Updating Right Border East
col_start 9 col_end 13
row_start 0 row_end 9
ghost_right 2 k 0 get_col_start 0

*****************************************
Total cols 14 Total rows 14

col_start 0 col_end 12
row_start 0 row_end 12
  0   0   0   0   0   0   0   0   0   0   0   2   3   0 
  0   0   0   0   0   0   0   0   0   0   0   3   5   0 
  0   0   0   0   0   0   0   0   0   0   0   3   5   0 
  0   0   0   0   0   0   0   0   0   0   0   3   5   0 
  0   0   0   0   0   0   0   0   0   0   0   3   5   0 
  0   0   0   0   0   0   0   0   0   0   0   3   5   0 
  0   0   0   0   0   0   0   0   0   0   0   3   5   0 
  0   0   0   0   0   0   0   0   0   0   0   3   5   0 
  0   0   0   0   0   0   0   0   0   0   0   3   5   0 
  0   0   0   0   0   0   0   0   0   0   0   0   0   0 
  0   0   0   0   0   0   0   0   0   0   0   0   0   0 
  0   0   0   0   0   0   0   0   0   0   0   0   0   0 
  0   0   0   0   0   0   0   0   0   0   0   0   0   0 
  0   0   0   0   0   0   0   0   0   0   0   0   0   0 

Bottom Row South Outer Margin
col_start 0 col_end 13
row_start 9 row_end 13
get_end 12 ghost_below 2 k 0

*****************************************
Total cols 14 Total rows 14

col_start 0 col_end 12
row_start 0 row_end 12
  0   0   0   0   0   0   0   0   0   0   0   2   3   0 
  0   0   0   0   0   0   0   0   0   0   0   3   5   0 
  0   0   0   0   0   0   0   0   0   0   0   3   5   0 
  0   0   0   0   0   0   0   0   0   0   0   3   5   0 
  0   0   0   0   0   0   0   0   0   0   0   3   5   0 
  0   0   0   0   0   0   0   0   0   0   0   3   5   0 
  0   0   0   0   0   0   0   0   0   0   0   3   5   0 
  0   0   0   0   0   0   0   0   0   0   0   3   5   0 
  0   0   0   0   0   0   0   0   0   0   0   3   5   0 
  0   0   0   0   0   0   0   0   0   0   0   3   5   0 
  0   0   0   0   0   0   0   0   0   0   0   3   5   0 
  4   6   6   6   6   6   6   6   6   6   6   9  11   0 
  6  10  10  10  10  10  10  10  10  10  10  13  15   0 
  0   0   0   0   0   0   0   0   0   0   0   0   0   0 

Updating Border ghost 1
Updating Right Border East
col_start 10 col_end 12
row_start 0 row_end 10
ghost_right 2 k 1 get_col_start 0

*****************************************
Total cols 14 Total rows 14

col_start 0 col_end 12
row_start 0 row_end 12
  0   0   0   0   0   0   0   0   0   0   5  11   0   0 
  0   0   0   0   0   0   0   0   0   0   8  18   0   0 
  0   0   0   0   0   0   0   0   0   0   9  21   0   0 
  0   0   0   0   0   0   0   0   0   0   9  21   0   0 
  0   0   0   0   0   0   0   0   0   0   9  21   0   0 
  0   0   0   0   0   0   0   0   0   0   9  21   0   0 
  0   0   0   0   0   0   0   0   0   0   9  21   0   0 
  0   0   0   0   0   0   0   0   0   0   9  21   0   0 
  0   0   0   0   0   0   0   0   0   0   9  21   0   0 
  0   0   0   0   0   0   0   0   0   0   9  21   0   0 
  0   0   0   0   0   0   0   0   0   0   0   0   0   0 
  0   0   0   0   0   0   0   0   0   0   0   0   0   0 
  0   0   0   0   0   0   0   0   0   0   0   0   0   0 
  0   0   0   0   0   0   0   0   0   0   0   0   0   0 

Bottom Row South Outer Margin
col_start 0 col_end 12
row_start 10 row_end 12
get_end 12 ghost_below 2 k 1

*****************************************
Total cols 14 Total rows 14

col_start 0 col_end 12
row_start 0 row_end 12
  0   0   0   0   0   0   0   0   0   0   5  11   0   0 
  0   0   0   0   0   0   0   0   0   0   8  18   0   0 
  0   0   0   0   0   0   0   0   0   0   9  21   0   0 
  0   0   0   0   0   0   0   0   0   0   9  21   0   0 
  0   0   0   0   0   0   0   0   0   0   9  21   0   0 
  0   0   0   0   0   0   0   0   0   0   9  21   0   0 
  0   0   0   0   0   0   0   0   0   0   9  21   0   0 
  0   0   0   0   0   0   0   0   0   0   9  21   0   0 
  0   0   0   0   0   0   0   0   0   0   9  21   0   0 
  0   0   0   0   0   0   0   0   0   0   9  21   0   0 
 10  16  18  18  18  18  18  18  18  18  27  39   0   0 
 22  36  42  42  42  42  42  42  42  42  51  63   0   0 
  0   0   0   0   0   0   0   0   0   0   0   0   0   0 
  0   0   0   0   0   0   0   0   0   0   0   0   0   0 

Matrix to send and receive columns

*****************************************
Total cols 14 Total rows 14

col_start 0 col_end 12
row_start 0 row_end 12
  0   0   0   0   0   0   0   0   0   0   5  11   0   0 
  0   0   0   0   0   0   0   0   0   0   8  18   0   0 
  0   0   0   0   0   0   0   0   0   0   9  21   0   0 
  0   0   0   0   0   0   0   0   0   0   9  21   0   0 
  0   0   0   0   0   0   0   0   0   0   9  21   0   0 
  0   0   0   0   0   0   0   0   0   0   9  21   0   0 
  0   0   0   0   0   0   0   0   0   0   9  21   0   0 
  0   0   0   0   0   0   0   0   0   0   9  21   0   0 
  0   0   0   0   0   0   0   0   0   0   9  21   0   0 
  0   0   0   0   0   0   0   0   0   0   9  21   0   0 
 10  16  18  18  18  18  18  18  18  18  27  39   0   0 
 22  36  42  42  42  42  42  42  42  42  51  63   0   0 
  0   0   0   0   0   0   0   0   0   0   0   0   0   0 
  0   0   0   0   0   0   0   0   0   0   0   0   0   0 

Vector type:
count 12
blocklength 2
stride 14
Rows 14 Cols 14 in matrix
Rank 0 sending columns starting at ELEM(new_mat,0,10)=5.000000 sending to 1
Note if row is not 0 it just means that there are ghost rows. When sending the columns we are excluding the ghost rows thus there may be an offset which would explain why rows may not be 0
Rank 0 receiving value at ELEM(new_mat,0,12)=0.000000 from 1
Matrix after sending and receiving columns

*****************************************
Total cols 14 Total rows 14

col_start 0 col_end 12
row_start 0 row_end 12
  0   0   0   0   0   0   0   0   0   0   5  11  23  29 
  0   0   0   0   0   0   0   0   0   0   8  18  37  47 
  0   0   0   0   0   0   0   0   0   0   9  21  43  55 
  0   0   0   0   0   0   0   0   0   0   9  21  43  55 
  0   0   0   0   0   0   0   0   0   0   9  21  43  55 
  0   0   0   0   0   0   0   0   0   0   9  21  43  55 
  0   0   0   0   0   0   0   0   0   0   9  21  43  55 
  0   0   0   0   0   0   0   0   0   0   9  21  43  55 
  0   0   0   0   0   0   0   0   0   0   9  21  43  55 
  0   0   0   0   0   0   0   0   0   0   9  21  43  55 
 10  16  18  18  18  18  18  18  18  18  27  39  61  73 
 22  36  42  42  42  42  42  42  42  42  51  63  85  97 
  0   0   0   0   0   0   0   0   0   0   0   0   0   0 
  0   0   0   0   0   0   0   0   0   0   0   0   0   0 

After sending and receiving ghost cols

*****************************************
Total cols 14 Total rows 14

col_start 0 col_end 12
row_start 0 row_end 12
  0   0   0   0   0   0   0   0   0   0   5  11  23  29 
  0   0   0   0   0   0   0   0   0   0   8  18  37  47 
  0   0   0   0   0   0   0   0   0   0   9  21  43  55 
  0   0   0   0   0   0   0   0   0   0   9  21  43  55 
  0   0   0   0   0   0   0   0   0   0   9  21  43  55 
  0   0   0   0   0   0   0   0   0   0   9  21  43  55 
  0   0   0   0   0   0   0   0   0   0   9  21  43  55 
  0   0   0   0   0   0   0   0   0   0   9  21  43  55 
  0   0   0   0   0   0   0   0   0   0   9  21  43  55 
  0   0   0   0   0   0   0   0   0   0   9  21  43  55 
 10  16  18  18  18  18  18  18  18  18  27  39  61  73 
 22  36  42  42  42  42  42  42  42  42  51  63  85  97 
  0   0   0   0   0   0   0   0   0   0   0   0   0   0 
  0   0   0   0   0   0   0   0   0   0   0   0   0   0 

Matrix to send and receive rows

*****************************************
Total cols 14 Total rows 14

col_start 0 col_end 12
row_start 0 row_end 12
  0   0   0   0   0   0   0   0   0   0   5  11  23  29 
  0   0   0   0   0   0   0   0   0   0   8  18  37  47 
  0   0   0   0   0   0   0   0   0   0   9  21  43  55 
  0   0   0   0   0   0   0   0   0   0   9  21  43  55 
  0   0   0   0   0   0   0   0   0   0   9  21  43  55 
  0   0   0   0   0   0   0   0   0   0   9  21  43  55 
  0   0   0   0   0   0   0   0   0   0   9  21  43  55 
  0   0   0   0   0   0   0   0   0   0   9  21  43  55 
  0   0   0   0   0   0   0   0   0   0   9  21  43  55 
  0   0   0   0   0   0   0   0   0   0   9  21  43  55 
 10  16  18  18  18  18  18  18  18  18  27  39  61  73 
 22  36  42  42  42  42  42  42  42  42  51  63  85  97 
  0   0   0   0   0   0   0   0   0   0   0   0   0   0 
  0   0   0   0   0   0   0   0   0   0   0   0   0   0 

Rank 0 sending value at ELEM(new_mat,10,0)=10.000000 to 2
Sending total of 14 columns
Rank 0 receiving value at ELEM(new_mat,12,0)=0.000000 from 2
Sending total of 14 columns
Matrix after sending and receiving rows

*****************************************
Total cols 14 Total rows 14

col_start 0 col_end 12
row_start 0 row_end 12
  0   0   0   0   0   0   0   0   0   0   5  11  23  29 
  0   0   0   0   0   0   0   0   0   0   8  18  37  47 
  0   0   0   0   0   0   0   0   0   0   9  21  43  55 
  0   0   0   0   0   0   0   0   0   0   9  21  43  55 
  0   0   0   0   0   0   0   0   0   0   9  21  43  55 
  0   0   0   0   0   0   0   0   0   0   9  21  43  55 
  0   0   0   0   0   0   0   0   0   0   9  21  43  55 
  0   0   0   0   0   0   0   0   0   0   9  21  43  55 
  0   0   0   0   0   0   0   0   0   0   9  21  43  55 
  0   0   0   0   0   0   0   0   0   0   9  21  43  55 
 10  16  18  18  18  18  18  18  18  18  27  39  61  73 
 22  36  42  42  42  42  42  42  42  42  51  63  85  97 
 46  74  86  86  86  86  86  86  86  86  95 107 129 141 
 58  94 110 110 110 110 110 110 110 110 119 131 153 165 

After sending and receiving ghost rows if checkerboard 
Should be halfway through core matrix calculation
Here is the matrix that should have received the rows if even and synchronous

*****************************************
Total cols 14 Total rows 14

col_start 0 col_end 12
row_start 0 row_end 12
  0   0   0   0   0   0   0   0   0   0   5  11  23  29 
  0   0   0   0   0   0   0   0   0   0   8  18  37  47 
  0   0   0   0   0   0   0   0   0   0   9  21  43  55 
  0   0   0   0   0   0   0   0   0   0   9  21  43  55 
  0   0   0   0   0   0   0   0   0   0   9  21  43  55 
  0   0   0   0   0   0   0   0   0   0   9  21  43  55 
  0   0   0   0   0   0   0   0   0   0   9  21  43  55 
  0   0   0   0   0   0   0   0   0   0   9  21  43  55 
  0   0   0   0   0   0   0   0   0   0   9  21  43  55 
  0   0   0   0   0   0   0   0   0   0   9  21  43  55 
 10  16  18  18  18  18  18  18  18  18  27  39  61  73 
 22  36  42  42  42  42  42  42  42  42  51  63  85  97 
 46  74  86  86  86  86  86  86  86  86  95 107 129 141 
 58  94 110 110 110 110 110 110 110 110 119 131 153 165 

Here is the matrix with half the core calculated

*****************************************
Total cols 14 Total rows 14

col_start 0 col_end 12
row_start 0 row_end 12
  0   0   0   0   0   0   0   0   0   0   0   2   3   0 
  0   0   0   0   0   0   0   0   0   0   0   3   5   0 
  0   0   0   0   0   0   0   0   0   0   0   3   5   0 
  0   0   0   0   0   0   0   0   0   0   0   3   5   0 
  0   0   0   0   0   0   0   0   0   0   0   3   5   0 
  0   0   0   0   0   0   0   0   0   0   0   3   5   0 
  0   0   0   0   0   0   0   0   0   0   0   3   5   0 
  0   0   0   0   0   0   0   0   0   0   0   3   5   0 
  0   0   0   0   0   0   0   0   0   0   0   3   5   0 
  0   0   0   0   0   0   0   0   0   0   0   3   5   0 
  0   0   0   0   0   0   0   0   0   0   0   3   5   0 
  4   6   6   6   6   6   6   6   6   6   6   9  11   0 
  6  10  10  10  10  10  10  10  10  10  10  13  15   0 
  0   0   0   0   0   0   0   0   0   0   0   0   0   0 

Printing new_temp after completion ofconway's game

*****************************************
Total cols 14 Total rows 14

col_start 0 col_end 12
row_start 0 row_end 12
  0   0   0   0   0   0   0   0   0   0   5  11  23  29 
  0   0   0   0   0   0   0   0   0   0   8  18  37  47 
  0   0   0   0   0   0   0   0   0   0   9  21  43  55 
  0   0   0   0   0   0   0   0   0   0   9  21  43  55 
  0   0   0   0   0   0   0   0   0   0   9  21  43  55 
  0   0   0   0   0   0   0   0   0   0   9  21  43  55 
  0   0   0   0   0   0   0   0   0   0   9  21  43  55 
  0   0   0   0   0   0   0   0   0   0   9  21  43  55 
  0   0   0   0   0   0   0   0   0   0   9  21  43  55 
  0   0   0   0   0   0   0   0   0   0   9  21  43  55 
 10  16  18  18  18  18  18  18  18  18  27  39  61  73 
 22  36  42  42  42  42  42  42  42  42  51  63  85  97 
 46  74  86  86  86  86  86  86  86  86  95 107 129 141 
 58  94 110 110 110 110 110 110 110 110 119 131 153 165 

After conways completed

*****************************************
Total cols 14 Total rows 14

col_start 0 col_end 12
row_start 0 row_end 12
  0   0   0   0   0   0   0   0   0   0   5  11  23  29 
  0   0   0   0   0   0   0   0   0   0   8  18  37  47 
  0   0   0   0   0   0   0   0   0   0   9  21  43  55 
  0   0   0   0   0   0   0   0   0   0   9  21  43  55 
  0   0   0   0   0   0   0   0   0   0   9  21  43  55 
  0   0   0   0   0   0   0   0   0   0   9  21  43  55 
  0   0   0   0   0   0   0   0   0   0   9  21  43  55 
  0   0   0   0   0   0   0   0   0   0   9  21  43  55 
  0   0   0   0   0   0   0   0   0   0   9  21  43  55 
  0   0   0   0   0   0   0   0   0   0   9  21  43  55 
 10  16  18  18  18  18  18  18  18  18  27  39  61  73 
 22  36  42  42  42  42  42  42  42  42  51  63  85  97 
 46  74  86  86  86  86  86  86  86  86  95 107 129 141 
 58  94 110 110 110 110 110 110 110 110 119 131 153 165 


*****************************************
Total cols 14 Total rows 14

col_start 0 col_end 12
row_start 0 row_end 12
  0   0   0   0   0   0   0   0   0   0   5  11  23  29 
  0   0   0   0   0   0   0   0   0   0   8  18  37  47 
  0   0   0   0   0   0   0   0   0   0   9  21  43  55 
  0   0   0   0   0   0   0   0   0   0   9  21  43  55 
  0   0   0   0   0   0   0   0   0   0   9  21  43  55 
  0   0   0   0   0   0   0   0   0   0   9  21  43  55 
  0   0   0   0   0   0   0   0   0   0   9  21  43  55 
  0   0   0   0   0   0   0   0   0   0   9  21  43  55 
  0   0   0   0   0   0   0   0   0   0   9  21  43  55 
  0   0   0   0   0   0   0   0   0   0   9  21  43  55 
 10  16  18  18  18  18  18  18  18  18  27  39  61  73 
 22  36  42  42  42  42  42  42  42  42  51  63  85  97 
 46  74  86  86  86  86  86  86  86  86  95 107 129 141 
 58  94 110 110 110 110 110 110 110 110 119 131 153 165 

