Matrices
*****************************************
Matrix to send and receive columns

*****************************************
Total cols 13 Total rows 13

col_start 0 col_end 12
row_start 0 row_end 12
  0   0   0   0   0   0   0   0   0   0   0   0   0 
  0   0   0   0   0   0   0   0   0   0   0   0   0 
  0   0   0   0   0   0   0   0   0   0   0   0   0 
  0   0   0   0   0   0   0   0   0   0   0   0   0 
  0   0   0   0   0   0   0   0   0   0   0   0   0 
  0   0   0   0   0   0   0   0   0   0   0   0   0 
  0   0   0   0   0   0   0   0   0   0   0   0   0 
  0   0   0   0   0   0   0   0   0   0   0   0   0 
  0   0   0   0   0   0   0   0   0   0   0   0   0 
  0   0   0   0   0   0   0   0   0   0   0   0   0 
  0   0   0   0   0   0   0   0   0   0   0   0   0 
  0   0   0   0   0   0   0   0   0   0   0   0   0 
  0   0   0   0   0   0   0   0   0   0   0   0   0 

Vector type:
count 12
blocklength 1
stride 13
Rows 13 Cols 13 in matrix
Rank 0 sending columns starting at ELEM(new_mat,0,11)=0.000000 sending to 1
Note if row is not 0 it just means that there are ghost rows. When sending the columns we are excluding the ghost rows thus there may be an offset which would explain why rows may not be 0
Rank 0 receiving value at ELEM(new_mat,0,12)=0.000000 from 1
Matrix after sending and receiving columns

*****************************************
Total cols 13 Total rows 13

col_start 0 col_end 12
row_start 0 row_end 12
  0   0   0   0   0   0   0   0   0   0   0   0   1 
  0   0   0   0   0   0   0   0   0   0   0   0   1 
  0   0   0   0   0   0   0   0   0   0   0   0   1 
  0   0   0   0   0   0   0   0   0   0   0   0   1 
  0   0   0   0   0   0   0   0   0   0   0   0   1 
  0   0   0   0   0   0   0   0   0   0   0   0   1 
  0   0   0   0   0   0   0   0   0   0   0   0   1 
  0   0   0   0   0   0   0   0   0   0   0   0   1 
  0   0   0   0   0   0   0   0   0   0   0   0   1 
  0   0   0   0   0   0   0   0   0   0   0   0   1 
  0   0   0   0   0   0   0   0   0   0   0   0   1 
  0   0   0   0   0   0   0   0   0   0   0   0   1 
  0   0   0   0   0   0   0   0   0   0   0   0   0 


*****************************************
Total cols 13 Total rows 13

col_start 0 col_end 12
row_start 0 row_end 12
  0   0   0   0   0   0   0   0   0   0   0   0   1 
  0   0   0   0   0   0   0   0   0   0   0   0   1 
  0   0   0   0   0   0   0   0   0   0   0   0   1 
  0   0   0   0   0   0   0   0   0   0   0   0   1 
  0   0   0   0   0   0   0   0   0   0   0   0   1 
  0   0   0   0   0   0   0   0   0   0   0   0   1 
  0   0   0   0   0   0   0   0   0   0   0   0   1 
  0   0   0   0   0   0   0   0   0   0   0   0   1 
  0   0   0   0   0   0   0   0   0   0   0   0   1 
  0   0   0   0   0   0   0   0   0   0   0   0   1 
  0   0   0   0   0   0   0   0   0   0   0   0   1 
  0   0   0   0   0   0   0   0   0   0   0   0   1 
  0   0   0   0   0   0   0   0   0   0   0   0   0 

Matrix to send and receive rows

*****************************************
Total cols 13 Total rows 13

col_start 0 col_end 12
row_start 0 row_end 12
  0   0   0   0   0   0   0   0   0   0   0   0   1 
  0   0   0   0   0   0   0   0   0   0   0   0   1 
  0   0   0   0   0   0   0   0   0   0   0   0   1 
  0   0   0   0   0   0   0   0   0   0   0   0   1 
  0   0   0   0   0   0   0   0   0   0   0   0   1 
  0   0   0   0   0   0   0   0   0   0   0   0   1 
  0   0   0   0   0   0   0   0   0   0   0   0   1 
  0   0   0   0   0   0   0   0   0   0   0   0   1 
  0   0   0   0   0   0   0   0   0   0   0   0   1 
  0   0   0   0   0   0   0   0   0   0   0   0   1 
  0   0   0   0   0   0   0   0   0   0   0   0   1 
  0   0   0   0   0   0   0   0   0   0   0   0   1 
  0   0   0   0   0   0   0   0   0   0   0   0   0 

Rank 0 sending value at ELEM(new_mat,11,0)=0.000000 to 2
Sending total of 13 columns
Rank 0 receiving value at ELEM(new_mat,12,0)=0.000000 from 2
Sending total of 13 columns
Matrix after sending and receiving rows

*****************************************
Total cols 13 Total rows 13

col_start 0 col_end 12
row_start 0 row_end 12
  0   0   0   0   0   0   0   0   0   0   0   0   1 
  0   0   0   0   0   0   0   0   0   0   0   0   1 
  0   0   0   0   0   0   0   0   0   0   0   0   1 
  0   0   0   0   0   0   0   0   0   0   0   0   1 
  0   0   0   0   0   0   0   0   0   0   0   0   1 
  0   0   0   0   0   0   0   0   0   0   0   0   1 
  0   0   0   0   0   0   0   0   0   0   0   0   1 
  0   0   0   0   0   0   0   0   0   0   0   0   1 
  0   0   0   0   0   0   0   0   0   0   0   0   1 
  0   0   0   0   0   0   0   0   0   0   0   0   1 
  0   0   0   0   0   0   0   0   0   0   0   0   1 
  0   0   0   0   0   0   0   0   0   0   0   0   1 
  2   2   2   2   2   2   2   2   2   2   2   2   3 


*****************************************
Total cols 13 Total rows 13

col_start 0 col_end 12
row_start 0 row_end 12
  0   0   0   0   0   0   0   0   0   0   0   0   1 
  0   0   0   0   0   0   0   0   0   0   0   0   1 
  0   0   0   0   0   0   0   0   0   0   0   0   1 
  0   0   0   0   0   0   0   0   0   0   0   0   1 
  0   0   0   0   0   0   0   0   0   0   0   0   1 
  0   0   0   0   0   0   0   0   0   0   0   0   1 
  0   0   0   0   0   0   0   0   0   0   0   0   1 
  0   0   0   0   0   0   0   0   0   0   0   0   1 
  0   0   0   0   0   0   0   0   0   0   0   0   1 
  0   0   0   0   0   0   0   0   0   0   0   0   1 
  0   0   0   0   0   0   0   0   0   0   0   0   1 
  0   0   0   0   0   0   0   0   0   0   0   0   1 
  2   2   2   2   2   2   2   2   2   2   2   2   3 

Matrices
*****************************************
Updating Border ghost 0
Updating Right Border East
col_start 11 col_end 12
row_start 0 row_end 11
ghost_right 1 k 0 get_col_start 0

*****************************************
Total cols 13 Total rows 13

col_start 0 col_end 12
row_start 0 row_end 12
  0   0   0   0   0   0   0   0   0   0   0   2   0 
  0   0   0   0   0   0   0   0   0   0   0   3   0 
  0   0   0   0   0   0   0   0   0   0   0   3   0 
  0   0   0   0   0   0   0   0   0   0   0   3   0 
  0   0   0   0   0   0   0   0   0   0   0   3   0 
  0   0   0   0   0   0   0   0   0   0   0   3   0 
  0   0   0   0   0   0   0   0   0   0   0   3   0 
  0   0   0   0   0   0   0   0   0   0   0   3   0 
  0   0   0   0   0   0   0   0   0   0   0   3   0 
  0   0   0   0   0   0   0   0   0   0   0   3   0 
  0   0   0   0   0   0   0   0   0   0   0   3   0 
  0   0   0   0   0   0   0   0   0   0   0   0   0 
  0   0   0   0   0   0   0   0   0   0   0   0   0 

Bottom Row South Outer Margin
col_start 0 col_end 12
row_start 11 row_end 12
get_end 12 ghost_below 1 k 0

*****************************************
Total cols 13 Total rows 13

col_start 0 col_end 12
row_start 0 row_end 12
  0   0   0   0   0   0   0   0   0   0   0   2   0 
  0   0   0   0   0   0   0   0   0   0   0   3   0 
  0   0   0   0   0   0   0   0   0   0   0   3   0 
  0   0   0   0   0   0   0   0   0   0   0   3   0 
  0   0   0   0   0   0   0   0   0   0   0   3   0 
  0   0   0   0   0   0   0   0   0   0   0   3   0 
  0   0   0   0   0   0   0   0   0   0   0   3   0 
  0   0   0   0   0   0   0   0   0   0   0   3   0 
  0   0   0   0   0   0   0   0   0   0   0   3   0 
  0   0   0   0   0   0   0   0   0   0   0   3   0 
  0   0   0   0   0   0   0   0   0   0   0   3   0 
  4   6   6   6   6   6   6   6   6   6   6   9   0 
  0   0   0   0   0   0   0   0   0   0   0   0   0 

Matrix to send and receive columns

*****************************************
Total cols 13 Total rows 13

col_start 0 col_end 12
row_start 0 row_end 12
  0   0   0   0   0   0   0   0   0   0   0   2   0 
  0   0   0   0   0   0   0   0   0   0   0   3   0 
  0   0   0   0   0   0   0   0   0   0   0   3   0 
  0   0   0   0   0   0   0   0   0   0   0   3   0 
  0   0   0   0   0   0   0   0   0   0   0   3   0 
  0   0   0   0   0   0   0   0   0   0   0   3   0 
  0   0   0   0   0   0   0   0   0   0   0   3   0 
  0   0   0   0   0   0   0   0   0   0   0   3   0 
  0   0   0   0   0   0   0   0   0   0   0   3   0 
  0   0   0   0   0   0   0   0   0   0   0   3   0 
  0   0   0   0   0   0   0   0   0   0   0   3   0 
  4   6   6   6   6   6   6   6   6   6   6   9   0 
  0   0   0   0   0   0   0   0   0   0   0   0   0 

Vector type:
count 12
blocklength 1
stride 13
Rows 13 Cols 13 in matrix
Rank 0 sending columns starting at ELEM(new_mat,0,11)=2.000000 sending to 1
Note if row is not 0 it just means that there are ghost rows. When sending the columns we are excluding the ghost rows thus there may be an offset which would explain why rows may not be 0
Rank 0 receiving value at ELEM(new_mat,0,12)=0.000000 from 1
Matrix after sending and receiving columns

*****************************************
Total cols 13 Total rows 13

col_start 0 col_end 12
row_start 0 row_end 12
  0   0   0   0   0   0   0   0   0   0   0   2   3 
  0   0   0   0   0   0   0   0   0   0   0   3   5 
  0   0   0   0   0   0   0   0   0   0   0   3   5 
  0   0   0   0   0   0   0   0   0   0   0   3   5 
  0   0   0   0   0   0   0   0   0   0   0   3   5 
  0   0   0   0   0   0   0   0   0   0   0   3   5 
  0   0   0   0   0   0   0   0   0   0   0   3   5 
  0   0   0   0   0   0   0   0   0   0   0   3   5 
  0   0   0   0   0   0   0   0   0   0   0   3   5 
  0   0   0   0   0   0   0   0   0   0   0   3   5 
  0   0   0   0   0   0   0   0   0   0   0   3   5 
  4   6   6   6   6   6   6   6   6   6   6   9  11 
  0   0   0   0   0   0   0   0   0   0   0   0   0 

After sending and receiving ghost cols

*****************************************
Total cols 13 Total rows 13

col_start 0 col_end 12
row_start 0 row_end 12
  0   0   0   0   0   0   0   0   0   0   0   2   3 
  0   0   0   0   0   0   0   0   0   0   0   3   5 
  0   0   0   0   0   0   0   0   0   0   0   3   5 
  0   0   0   0   0   0   0   0   0   0   0   3   5 
  0   0   0   0   0   0   0   0   0   0   0   3   5 
  0   0   0   0   0   0   0   0   0   0   0   3   5 
  0   0   0   0   0   0   0   0   0   0   0   3   5 
  0   0   0   0   0   0   0   0   0   0   0   3   5 
  0   0   0   0   0   0   0   0   0   0   0   3   5 
  0   0   0   0   0   0   0   0   0   0   0   3   5 
  0   0   0   0   0   0   0   0   0   0   0   3   5 
  4   6   6   6   6   6   6   6   6   6   6   9  11 
  0   0   0   0   0   0   0   0   0   0   0   0   0 

Matrix to send and receive rows

*****************************************
Total cols 13 Total rows 13

col_start 0 col_end 12
row_start 0 row_end 12
  0   0   0   0   0   0   0   0   0   0   0   2   3 
  0   0   0   0   0   0   0   0   0   0   0   3   5 
  0   0   0   0   0   0   0   0   0   0   0   3   5 
  0   0   0   0   0   0   0   0   0   0   0   3   5 
  0   0   0   0   0   0   0   0   0   0   0   3   5 
  0   0   0   0   0   0   0   0   0   0   0   3   5 
  0   0   0   0   0   0   0   0   0   0   0   3   5 
  0   0   0   0   0   0   0   0   0   0   0   3   5 
  0   0   0   0   0   0   0   0   0   0   0   3   5 
  0   0   0   0   0   0   0   0   0   0   0   3   5 
  0   0   0   0   0   0   0   0   0   0   0   3   5 
  4   6   6   6   6   6   6   6   6   6   6   9  11 
  0   0   0   0   0   0   0   0   0   0   0   0   0 

Rank 0 sending value at ELEM(new_mat,11,0)=4.000000 to 2
Sending total of 13 columns
Rank 0 receiving value at ELEM(new_mat,12,0)=0.000000 from 2
Sending total of 13 columns
Matrix after sending and receiving rows

*****************************************
Total cols 13 Total rows 13

col_start 0 col_end 12
row_start 0 row_end 12
  0   0   0   0   0   0   0   0   0   0   0   2   3 
  0   0   0   0   0   0   0   0   0   0   0   3   5 
  0   0   0   0   0   0   0   0   0   0   0   3   5 
  0   0   0   0   0   0   0   0   0   0   0   3   5 
  0   0   0   0   0   0   0   0   0   0   0   3   5 
  0   0   0   0   0   0   0   0   0   0   0   3   5 
  0   0   0   0   0   0   0   0   0   0   0   3   5 
  0   0   0   0   0   0   0   0   0   0   0   3   5 
  0   0   0   0   0   0   0   0   0   0   0   3   5 
  0   0   0   0   0   0   0   0   0   0   0   3   5 
  0   0   0   0   0   0   0   0   0   0   0   3   5 
  4   6   6   6   6   6   6   6   6   6   6   9  11 
  6  10  10  10  10  10  10  10  10  10  10  13  15 

After sending and receiving ghost rows if checkerboard 
Should be halfway through core matrix calculation
Here is the matrix that should have received the rows if synchronous and odd

*****************************************
Total cols 13 Total rows 13

col_start 0 col_end 12
row_start 0 row_end 12
  0   0   0   0   0   0   0   0   0   0   0   2   3 
  0   0   0   0   0   0   0   0   0   0   0   3   5 
  0   0   0   0   0   0   0   0   0   0   0   3   5 
  0   0   0   0   0   0   0   0   0   0   0   3   5 
  0   0   0   0   0   0   0   0   0   0   0   3   5 
  0   0   0   0   0   0   0   0   0   0   0   3   5 
  0   0   0   0   0   0   0   0   0   0   0   3   5 
  0   0   0   0   0   0   0   0   0   0   0   3   5 
  0   0   0   0   0   0   0   0   0   0   0   3   5 
  0   0   0   0   0   0   0   0   0   0   0   3   5 
  0   0   0   0   0   0   0   0   0   0   0   3   5 
  4   6   6   6   6   6   6   6   6   6   6   9  11 
  6  10  10  10  10  10  10  10  10  10  10  13  15 

Here is the matrix with half the core calculated
Temp2 flag 2

*****************************************
Total cols 13 Total rows 13

col_start 0 col_end 12
row_start 0 row_end 12
  0   0   0   0   0   0   0   0   0   0   0   0   0 
  0   0   0   0   0   0   0   0   0   0   0   0   0 
  0   0   0   0   0   0   0   0   0   0   0   0   0 
  0   0   0   0   0   0   0   0   0   0   0   0   0 
  0   0   0   0   0   0   0   0   0   0   0   0   0 
  0   0   0   0   0   0   0   0   0   0   0   0   0 
  0   0   0   0   0   0   0   0   0   0   0   0   0 
  0   0   0   0   0   0   0   0   0   0   0   0   0 
  0   0   0   0   0   0   0   0   0   0   0   0   0 
  0   0   0   0   0   0   0   0   0   0   0   0   0 
  0   0   0   0   0   0   0   0   0   0   0   0   0 
  0   0   0   0   0   0   0   0   0   0   0   0   0 
  0   0   0   0   0   0   0   0   0   0   0   0   0 

Printing new_temp after completion ofconway's game

*****************************************
Total cols 13 Total rows 13

col_start 0 col_end 12
row_start 0 row_end 12
  0   0   0   0   0   0   0   0   0   0   0   2   3 
  0   0   0   0   0   0   0   0   0   0   0   3   5 
  0   0   0   0   0   0   0   0   0   0   0   3   5 
  0   0   0   0   0   0   0   0   0   0   0   3   5 
  0   0   0   0   0   0   0   0   0   0   0   3   5 
  0   0   0   0   0   0   0   0   0   0   0   3   5 
  0   0   0   0   0   0   0   0   0   0   0   3   5 
  0   0   0   0   0   0   0   0   0   0   0   3   5 
  0   0   0   0   0   0   0   0   0   0   0   3   5 
  0   0   0   0   0   0   0   0   0   0   0   3   5 
  0   0   0   0   0   0   0   0   0   0   0   3   5 
  4   6   6   6   6   6   6   6   6   6   6   9  11 
  6  10  10  10  10  10  10  10  10  10  10  13  15 

After conways completed

*****************************************
Total cols 13 Total rows 13

col_start 0 col_end 12
row_start 0 row_end 12
  0   0   0   0   0   0   0   0   0   0   0   2   3 
  0   0   0   0   0   0   0   0   0   0   0   3   5 
  0   0   0   0   0   0   0   0   0   0   0   3   5 
  0   0   0   0   0   0   0   0   0   0   0   3   5 
  0   0   0   0   0   0   0   0   0   0   0   3   5 
  0   0   0   0   0   0   0   0   0   0   0   3   5 
  0   0   0   0   0   0   0   0   0   0   0   3   5 
  0   0   0   0   0   0   0   0   0   0   0   3   5 
  0   0   0   0   0   0   0   0   0   0   0   3   5 
  0   0   0   0   0   0   0   0   0   0   0   3   5 
  0   0   0   0   0   0   0   0   0   0   0   3   5 
  4   6   6   6   6   6   6   6   6   6   6   9  11 
  6  10  10  10  10  10  10  10  10  10  10  13  15 


*****************************************
Total cols 13 Total rows 13

col_start 0 col_end 12
row_start 0 row_end 12
  0   0   0   0   0   0   0   0   0   0   0   2   3 
  0   0   0   0   0   0   0   0   0   0   0   3   5 
  0   0   0   0   0   0   0   0   0   0   0   3   5 
  0   0   0   0   0   0   0   0   0   0   0   3   5 
  0   0   0   0   0   0   0   0   0   0   0   3   5 
  0   0   0   0   0   0   0   0   0   0   0   3   5 
  0   0   0   0   0   0   0   0   0   0   0   3   5 
  0   0   0   0   0   0   0   0   0   0   0   3   5 
  0   0   0   0   0   0   0   0   0   0   0   3   5 
  0   0   0   0   0   0   0   0   0   0   0   3   5 
  0   0   0   0   0   0   0   0   0   0   0   3   5 
  4   6   6   6   6   6   6   6   6   6   6   9  11 
  6  10  10  10  10  10  10  10  10  10  10  13  15 

Matrix to send and receive columns

*****************************************
Total cols 13 Total rows 13

col_start 0 col_end 12
row_start 0 row_end 12
  0   0   0   0   0   0   0   0   0   0   0   2   3 
  0   0   0   0   0   0   0   0   0   0   0   3   5 
  0   0   0   0   0   0   0   0   0   0   0   3   5 
  0   0   0   0   0   0   0   0   0   0   0   3   5 
  0   0   0   0   0   0   0   0   0   0   0   3   5 
  0   0   0   0   0   0   0   0   0   0   0   3   5 
  0   0   0   0   0   0   0   0   0   0   0   3   5 
  0   0   0   0   0   0   0   0   0   0   0   3   5 
  0   0   0   0   0   0   0   0   0   0   0   3   5 
  0   0   0   0   0   0   0   0   0   0   0   3   5 
  0   0   0   0   0   0   0   0   0   0   0   3   5 
  4   6   6   6   6   6   6   6   6   6   6   9  11 
  6  10  10  10  10  10  10  10  10  10  10  13  15 

Vector type:
count 12
blocklength 1
stride 13
Rows 13 Cols 13 in matrix
Rank 0 sending columns starting at ELEM(new_mat,0,11)=2.000000 sending to 1
Note if row is not 0 it just means that there are ghost rows. When sending the columns we are excluding the ghost rows thus there may be an offset which would explain why rows may not be 0
Rank 0 receiving value at ELEM(new_mat,0,12)=3.000000 from 1
Matrix after sending and receiving columns

*****************************************
Total cols 13 Total rows 13

col_start 0 col_end 12
row_start 0 row_end 12
  0   0   0   0   0   0   0   0   0   0   0   2   3 
  0   0   0   0   0   0   0   0   0   0   0   3   5 
  0   0   0   0   0   0   0   0   0   0   0   3   5 
  0   0   0   0   0   0   0   0   0   0   0   3   5 
  0   0   0   0   0   0   0   0   0   0   0   3   5 
  0   0   0   0   0   0   0   0   0   0   0   3   5 
  0   0   0   0   0   0   0   0   0   0   0   3   5 
  0   0   0   0   0   0   0   0   0   0   0   3   5 
  0   0   0   0   0   0   0   0   0   0   0   3   5 
  0   0   0   0   0   0   0   0   0   0   0   3   5 
  0   0   0   0   0   0   0   0   0   0   0   3   5 
  4   6   6   6   6   6   6   6   6   6   6   9  11 
  6  10  10  10  10  10  10  10  10  10  10  13  15 


*****************************************
Total cols 13 Total rows 13

col_start 0 col_end 12
row_start 0 row_end 12
  0   0   0   0   0   0   0   0   0   0   0   2   3 
  0   0   0   0   0   0   0   0   0   0   0   3   5 
  0   0   0   0   0   0   0   0   0   0   0   3   5 
  0   0   0   0   0   0   0   0   0   0   0   3   5 
  0   0   0   0   0   0   0   0   0   0   0   3   5 
  0   0   0   0   0   0   0   0   0   0   0   3   5 
  0   0   0   0   0   0   0   0   0   0   0   3   5 
  0   0   0   0   0   0   0   0   0   0   0   3   5 
  0   0   0   0   0   0   0   0   0   0   0   3   5 
  0   0   0   0   0   0   0   0   0   0   0   3   5 
  0   0   0   0   0   0   0   0   0   0   0   3   5 
  4   6   6   6   6   6   6   6   6   6   6   9  11 
  6  10  10  10  10  10  10  10  10  10  10  13  15 

Matrix to send and receive rows

*****************************************
Total cols 13 Total rows 13

col_start 0 col_end 12
row_start 0 row_end 12
  0   0   0   0   0   0   0   0   0   0   0   2   3 
  0   0   0   0   0   0   0   0   0   0   0   3   5 
  0   0   0   0   0   0   0   0   0   0   0   3   5 
  0   0   0   0   0   0   0   0   0   0   0   3   5 
  0   0   0   0   0   0   0   0   0   0   0   3   5 
  0   0   0   0   0   0   0   0   0   0   0   3   5 
  0   0   0   0   0   0   0   0   0   0   0   3   5 
  0   0   0   0   0   0   0   0   0   0   0   3   5 
  0   0   0   0   0   0   0   0   0   0   0   3   5 
  0   0   0   0   0   0   0   0   0   0   0   3   5 
  0   0   0   0   0   0   0   0   0   0   0   3   5 
  4   6   6   6   6   6   6   6   6   6   6   9  11 
  6  10  10  10  10  10  10  10  10  10  10  13  15 

Rank 0 sending value at ELEM(new_mat,11,0)=4.000000 to 2
Sending total of 13 columns
Rank 0 receiving value at ELEM(new_mat,12,0)=6.000000 from 2
Sending total of 13 columns
Matrix after sending and receiving rows

*****************************************
Total cols 13 Total rows 13

col_start 0 col_end 12
row_start 0 row_end 12
  0   0   0   0   0   0   0   0   0   0   0   2   3 
  0   0   0   0   0   0   0   0   0   0   0   3   5 
  0   0   0   0   0   0   0   0   0   0   0   3   5 
  0   0   0   0   0   0   0   0   0   0   0   3   5 
  0   0   0   0   0   0   0   0   0   0   0   3   5 
  0   0   0   0   0   0   0   0   0   0   0   3   5 
  0   0   0   0   0   0   0   0   0   0   0   3   5 
  0   0   0   0   0   0   0   0   0   0   0   3   5 
  0   0   0   0   0   0   0   0   0   0   0   3   5 
  0   0   0   0   0   0   0   0   0   0   0   3   5 
  0   0   0   0   0   0   0   0   0   0   0   3   5 
  4   6   6   6   6   6   6   6   6   6   6   9  11 
  6  10  10  10  10  10  10  10  10  10  10  13  15 


*****************************************
Total cols 13 Total rows 13

col_start 0 col_end 12
row_start 0 row_end 12
  0   0   0   0   0   0   0   0   0   0   0   2   3 
  0   0   0   0   0   0   0   0   0   0   0   3   5 
  0   0   0   0   0   0   0   0   0   0   0   3   5 
  0   0   0   0   0   0   0   0   0   0   0   3   5 
  0   0   0   0   0   0   0   0   0   0   0   3   5 
  0   0   0   0   0   0   0   0   0   0   0   3   5 
  0   0   0   0   0   0   0   0   0   0   0   3   5 
  0   0   0   0   0   0   0   0   0   0   0   3   5 
  0   0   0   0   0   0   0   0   0   0   0   3   5 
  0   0   0   0   0   0   0   0   0   0   0   3   5 
  0   0   0   0   0   0   0   0   0   0   0   3   5 
  4   6   6   6   6   6   6   6   6   6   6   9  11 
  6  10  10  10  10  10  10  10  10  10  10  13  15 

Updating Border ghost 0
Updating Right Border East
col_start 11 col_end 12
row_start 0 row_end 11
ghost_right 1 k 0 get_col_start 0

*****************************************
Total cols 13 Total rows 13

col_start 0 col_end 12
row_start 0 row_end 12
  0   0   0   0   0   0   0   0   0   0   0  11   1 
  0   0   0   0   0   0   0   0   0   0   0  18   1 
  0   0   0   0   0   0   0   0   0   0   0  21   1 
  0   0   0   0   0   0   0   0   0   0   0  21   1 
  0   0   0   0   0   0   0   0   0   0   0  21   1 
  0   0   0   0   0   0   0   0   0   0   0  21   1 
  0   0   0   0   0   0   0   0   0   0   0  21   1 
  0   0   0   0   0   0   0   0   0   0   0  21   1 
  0   0   0   0   0   0   0   0   0   0   0  21   1 
  0   0   0   0   0   0   0   0   0   0   0  21   1 
  0   0   0   0   0   0   0   0   0   0   0  39   1 
  0   0   0   0   0   0   0   0   0   0   0   0   1 
  2   2   2   2   2   2   2   2   2   2   2   2   3 

Bottom Row South Outer Margin
col_start 0 col_end 12
row_start 11 row_end 12
get_end 12 ghost_below 1 k 0

*****************************************
Total cols 13 Total rows 13

col_start 0 col_end 12
row_start 0 row_end 12
  0   0   0   0   0   0   0   0   0   0   0  11   1 
  0   0   0   0   0   0   0   0   0   0   0  18   1 
  0   0   0   0   0   0   0   0   0   0   0  21   1 
  0   0   0   0   0   0   0   0   0   0   0  21   1 
  0   0   0   0   0   0   0   0   0   0   0  21   1 
  0   0   0   0   0   0   0   0   0   0   0  21   1 
  0   0   0   0   0   0   0   0   0   0   0  21   1 
  0   0   0   0   0   0   0   0   0   0   0  21   1 
  0   0   0   0   0   0   0   0   0   0   0  21   1 
  0   0   0   0   0   0   0   0   0   0   0  21   1 
  0   0   0   0   0   0   0   0   0   0   0  39   1 
 22  36  42  42  42  42  42  42  42  42  51  63   1 
  2   2   2   2   2   2   2   2   2   2   2   2   3 

Matrix to send and receive columns

*****************************************
Total cols 13 Total rows 13

col_start 0 col_end 12
row_start 0 row_end 12
  0   0   0   0   0   0   0   0   0   0   0  11   1 
  0   0   0   0   0   0   0   0   0   0   0  18   1 
  0   0   0   0   0   0   0   0   0   0   0  21   1 
  0   0   0   0   0   0   0   0   0   0   0  21   1 
  0   0   0   0   0   0   0   0   0   0   0  21   1 
  0   0   0   0   0   0   0   0   0   0   0  21   1 
  0   0   0   0   0   0   0   0   0   0   0  21   1 
  0   0   0   0   0   0   0   0   0   0   0  21   1 
  0   0   0   0   0   0   0   0   0   0   0  21   1 
  0   0   0   0   0   0   0   0   0   0   0  21   1 
  0   0   0   0   0   0   0   0   0   0   0  39   1 
 22  36  42  42  42  42  42  42  42  42  51  63   1 
  2   2   2   2   2   2   2   2   2   2   2   2   3 

Vector type:
count 12
blocklength 1
stride 13
Rows 13 Cols 13 in matrix
Rank 0 sending columns starting at ELEM(new_mat,0,11)=11.000000 sending to 1
Note if row is not 0 it just means that there are ghost rows. When sending the columns we are excluding the ghost rows thus there may be an offset which would explain why rows may not be 0
Rank 0 receiving value at ELEM(new_mat,0,12)=1.000000 from 1
Matrix after sending and receiving columns

*****************************************
Total cols 13 Total rows 13

col_start 0 col_end 12
row_start 0 row_end 12
  0   0   0   0   0   0   0   0   0   0   0  11  23 
  0   0   0   0   0   0   0   0   0   0   0  18  37 
  0   0   0   0   0   0   0   0   0   0   0  21  43 
  0   0   0   0   0   0   0   0   0   0   0  21  43 
  0   0   0   0   0   0   0   0   0   0   0  21  43 
  0   0   0   0   0   0   0   0   0   0   0  21  43 
  0   0   0   0   0   0   0   0   0   0   0  21  43 
  0   0   0   0   0   0   0   0   0   0   0  21  43 
  0   0   0   0   0   0   0   0   0   0   0  21  43 
  0   0   0   0   0   0   0   0   0   0   0  21  43 
  0   0   0   0   0   0   0   0   0   0   0  39  61 
 22  36  42  42  42  42  42  42  42  42  51  63  85 
  2   2   2   2   2   2   2   2   2   2   2   2   3 

After sending and receiving ghost cols

*****************************************
Total cols 13 Total rows 13

col_start 0 col_end 12
row_start 0 row_end 12
  0   0   0   0   0   0   0   0   0   0   0  11  23 
  0   0   0   0   0   0   0   0   0   0   0  18  37 
  0   0   0   0   0   0   0   0   0   0   0  21  43 
  0   0   0   0   0   0   0   0   0   0   0  21  43 
  0   0   0   0   0   0   0   0   0   0   0  21  43 
  0   0   0   0   0   0   0   0   0   0   0  21  43 
  0   0   0   0   0   0   0   0   0   0   0  21  43 
  0   0   0   0   0   0   0   0   0   0   0  21  43 
  0   0   0   0   0   0   0   0   0   0   0  21  43 
  0   0   0   0   0   0   0   0   0   0   0  21  43 
  0   0   0   0   0   0   0   0   0   0   0  39  61 
 22  36  42  42  42  42  42  42  42  42  51  63  85 
  2   2   2   2   2   2   2   2   2   2   2   2   3 

Matrix to send and receive rows

*****************************************
Total cols 13 Total rows 13

col_start 0 col_end 12
row_start 0 row_end 12
  0   0   0   0   0   0   0   0   0   0   0  11  23 
  0   0   0   0   0   0   0   0   0   0   0  18  37 
  0   0   0   0   0   0   0   0   0   0   0  21  43 
  0   0   0   0   0   0   0   0   0   0   0  21  43 
  0   0   0   0   0   0   0   0   0   0   0  21  43 
  0   0   0   0   0   0   0   0   0   0   0  21  43 
  0   0   0   0   0   0   0   0   0   0   0  21  43 
  0   0   0   0   0   0   0   0   0   0   0  21  43 
  0   0   0   0   0   0   0   0   0   0   0  21  43 
  0   0   0   0   0   0   0   0   0   0   0  21  43 
 10  16  18  18  18   0   0   0   0   0   0  39  61 
 22  36  42  42  42  42  42  42  42  42  51  63  85 
  2   2   2   2   2   2   2   2   2   2   2   2   3 

Rank 0 sending value at ELEM(new_mat,11,0)=22.000000 to 2
Sending total of 13 columns
Rank 0 receiving value at ELEM(new_mat,12,0)=2.000000 from 2
Sending total of 13 columns
Matrix after sending and receiving rows

*****************************************
Total cols 13 Total rows 13

col_start 0 col_end 12
row_start 0 row_end 12
  0   0   0   0   0   0   0   0   0   0   0  11  23 
  0   0   0   0   0   0   0   0   0   0   0  18  37 
  0   0   0   0   0   0   0   0   0   0   0  21  43 
  0   0   0   0   0   0   0   0   0   0   0  21  43 
  0   0   0   0   0   0   0   0   0   0   0  21  43 
  0   0   0   0   0   0   0   0   0   0   0  21  43 
  0   0   0   0   0   0   0   0   0   0   0  21  43 
  0   0   0   0   0   0   0   0   0   0   0  21  43 
  0   0   0   0   0   0   0   0   0   0   0  21  43 
  0   0   0   0   0   0   0   0   0   0   0  21  43 
 10  16  18  18  18   0   0   0   0   0   0  39  61 
 22  36  42  42  42  42  42  42  42  42  51  63  85 
 46  74  86  86  86  86  86  86  86  86  95 107 129 

After sending and receiving ghost rows if checkerboard 
Should be halfway through core matrix calculation
Here is the matrix that should have received the rows if synchronous and odd

*****************************************
Total cols 13 Total rows 13

col_start 0 col_end 12
row_start 0 row_end 12
  0   0   0   0   0   0   0   0   0   0   0  11  23 
  0   0   0   0   0   0   0   0   0   0   0  18  37 
  0   0   0   0   0   0   0   0   0   0   0  21  43 
  0   0   0   0   0   0   0   0   0   0   0  21  43 
  0   0   0   0   0   0   0   0   0   0   0  21  43 
  0   0   0   0   0   0   0   0   0   0   0  21  43 
  0   0   0   0   0   0   0   0   0   0   0  21  43 
  0   0   0   0   0   0   0   0   0   0   0  21  43 
  0   0   0   0   0   0   0   0   0   0   0  21  43 
  0   0   0   0   0   0   0   0   0   0   0  21  43 
 10  16  18  18  18   0   0   0   0   0   0  39  61 
 22  36  42  42  42  42  42  42  42  42  51  63  85 
 46  74  86  86  86  86  86  86  86  86  95 107 129 

Here is the matrix with half the core calculated
Temp2 flag 2

*****************************************
Total cols 13 Total rows 13

col_start 0 col_end 12
row_start 0 row_end 12
  0   0   0   0   0   0   0   0   0   0   0   0   0 
  0   0   0   0   0   0   0   0   0   0   0   0   0 
  0   0   0   0   0   0   0   0   0   0   0   0   0 
  0   0   0   0   0   0   0   0   0   0   0   0   0 
  0   0   0   0   0   0   0   0   0   0   0   0   0 
  0   0   0   0   0   0   0   0   0   0   0   0   0 
  0   0   0   0   0   0   0   0   0   0   0   0   0 
  0   0   0   0   0   0   0   0   0   0   0   0   0 
  0   0   0   0   0   0   0   0   0   0   0   0   0 
  0   0   0   0   0   0   0   0   0   0   0   0   0 
  0   0   0   0   0   0   0   0   0   0   0   0   0 
  0   0   0   0   0   0   0   0   0   0   0   0   0 
  0   0   0   0   0   0   0   0   0   0   0   0   0 

Printing new_temp after completion ofconway's game

*****************************************
Total cols 13 Total rows 13

col_start 0 col_end 12
row_start 0 row_end 12
  0   0   0   0   0   0   0   0   0   0   5  11  23 
  0   0   0   0   0   0   0   0   0   0   8  18  37 
  0   0   0   0   0   0   0   0   0   0   9  21  43 
  0   0   0   0   0   0   0   0   0   0   9  21  43 
  0   0   0   0   0   0   0   0   0   0   9  21  43 
  0   0   0   0   0   0   0   0   0   0   9  21  43 
  0   0   0   0   0   0   0   0   0   0   9  21  43 
  0   0   0   0   0   0   0   0   0   0   9  21  43 
  0   0   0   0   0   0   0   0   0   0   9  21  43 
  0   0   0   0   0   0   0   0   0   0   9  21  43 
 10  16  18  18  18  18  18  18  18  18  27  39  61 
 22  36  42  42  42  42  42  42  42  42  51  63  85 
 46  74  86  86  86  86  86  86  86  86  95 107 129 

After conways completed

*****************************************
Total cols 13 Total rows 13

col_start 0 col_end 12
row_start 0 row_end 12
  0   0   0   0   0   0   0   0   0   0   5  11  23 
  0   0   0   0   0   0   0   0   0   0   8  18  37 
  0   0   0   0   0   0   0   0   0   0   9  21  43 
  0   0   0   0   0   0   0   0   0   0   9  21  43 
  0   0   0   0   0   0   0   0   0   0   9  21  43 
  0   0   0   0   0   0   0   0   0   0   9  21  43 
  0   0   0   0   0   0   0   0   0   0   9  21  43 
  0   0   0   0   0   0   0   0   0   0   9  21  43 
  0   0   0   0   0   0   0   0   0   0   9  21  43 
  0   0   0   0   0   0   0   0   0   0   9  21  43 
 10  16  18  18  18  18  18  18  18  18  27  39  61 
 22  36  42  42  42  42  42  42  42  42  51  63  85 
 46  74  86  86  86  86  86  86  86  86  95 107 129 


*****************************************
Total cols 13 Total rows 13

col_start 0 col_end 12
row_start 0 row_end 12
  0   0   0   0   0   0   0   0   0   0   5  11  23 
  0   0   0   0   0   0   0   0   0   0   8  18  37 
  0   0   0   0   0   0   0   0   0   0   9  21  43 
  0   0   0   0   0   0   0   0   0   0   9  21  43 
  0   0   0   0   0   0   0   0   0   0   9  21  43 
  0   0   0   0   0   0   0   0   0   0   9  21  43 
  0   0   0   0   0   0   0   0   0   0   9  21  43 
  0   0   0   0   0   0   0   0   0   0   9  21  43 
  0   0   0   0   0   0   0   0   0   0   9  21  43 
  0   0   0   0   0   0   0   0   0   0   9  21  43 
 10  16  18  18  18  18  18  18  18  18  27  39  61 
 22  36  42  42  42  42  42  42  42  42  51  63  85 
 46  74  86  86  86  86  86  86  86  86  95 107 129 

