Setting File conways_input.pgm.
Setting print iterations 2.
Setting Iterations 20.
Setting ghost count 1.
Using synchronous communication.
Using checkerboard algorithm.
In function my_rank 2 my_grid_col 0 my_grid_row 1
width 900 grid_c 2 width mod grid_c 0
height 900 grid_r 2 height mod grid_r 0
Rank 2 sub col 450 my col 0 sub row 450 my row 1
Rank 2 start x 0 start y 450

Iteration      0 Local sum   5536
Iteration      2 Local sum   3640
Iteration      4 Local sum   3255
Iteration      6 Local sum   3839
Iteration      8 Local sum   3385
Iteration     10 Local sum   4173
Iteration     12 Local sum   4266
Iteration     14 Local sum   5144
Iteration     16 Local sum   3564
Iteration     18 Local sum   4034
