Setting File conways_input.pgm.
Setting Iterations 20.
Setting print iterations 2.
Setting ghost count 1.
Opening file conways_input.pgm
conways_input.pgm: P5 900 900 255 
width 900 grid_c 1 width mod grid_c 0
height 900 grid_r 4 height mod grid_r 0
Rank 0 sub col 900 my col 0 sub row 225 my row 0
Rank 0 start x 0 start y 0
sub_row 225 sub_col 900 above_g 0 below_g 1 sub_row 225 sub_col 900 above_g 0 below_g 1 sub_row 225 sub_col 900 above_g 0 below_g 1 
Iteration      0 Global sum  25301 local sum   6216
Iteration      2 Global sum  15495 Local sum   4323
Iteration      4 Global sum  13827 Local sum   3806
Iteration      6 Global sum  15892 Local sum   4907
Iteration      8 Global sum  14036 Local sum   3828
Iteration     10 Global sum  17104 Local sum   5018
Iteration     12 Global sum  17383 Local sum   5158
Iteration     14 Global sum  20910 Local sum   7150
Iteration     16 Global sum  15252 Local sum   4215
Iteration     18 Global sum  16791 Local sum   5070
Iteration     20 Global sum  17190
