Setting File conways_input.pgm.
Setting print iterations 2.
Setting Iterations 20.
Setting ghost count 1.
Using synchronous communication.
Using checkerboard algorithm.
In function my_rank 0 my_grid_col 0 my_grid_row 0
Opening file conways_input.pgm
conways_input.pgm: P5 900 900 255 
width 900 grid_c 2 width mod grid_c 0
height 900 grid_r 2 height mod grid_r 0
Rank 0 sub col 450 my col 0 sub row 450 my row 0
Rank 0 start x 0 start y 0

Iteration      0 Global sum  25301 local sum   4583
Iteration      2 Global sum  15495 Local sum   3999
Iteration      4 Global sum  13827 Local sum   3542
Iteration      6 Global sum  15892 Local sum   4110
Iteration      8 Global sum  14036 Local sum   3573
Iteration     10 Global sum  17104 Local sum   4362
Iteration     12 Global sum  17383 Local sum   4505
Iteration     14 Global sum  20910 Local sum   5464
Iteration     16 Global sum  15252 Local sum   4045
Iteration     18 Global sum  16791 Local sum   4364
Iteration     20 Global sum  17190
